<?xml version="1.0" encoding="UTF-8"?>
<testsuite name="MyUnitTest" tests="1" skipped="0" failures="0" errors="0" timestamp="2021-10-14T10:37:37" hostname="MacBooks-MacBook-Air.local" time="0.028">
  <properties/>
  <testcase name="testConcatenate()" classname="MyUnitTest" time="0.028"/>
  <system-out><![CDATA[]]></system-out>
  <system-err><![CDATA[]]></system-err>
</testsuite>
